<?xml version="1.0" encoding="UTF-8"?>
<testsuites name="jest tests" tests="52" failures="0" errors="0" time="7.314">
  <testsuite name="Static Routes API Endpoints" errors="0" failures="0" skipped="0" timestamp="2025-03-14T08:59:39" time="5.144" tests="34">
    <testcase classname="Static Routes API Endpoints › Appointment Statuses" name="GET /api/v1/static/appointment-statuses should return all appointment statuses" time="0.061">
    </testcase>
    <testcase classname="Static Routes API Endpoints › Appointment Statuses" name="GET /api/v1/static/appointment-statuses/:id should return a specific appointment status for all valid IDs" time="0.062">
    </testcase>
    <testcase classname="Static Routes API Endpoints › Appointment Statuses" name="GET /api/v1/static/appointment-statuses/:id should return 404 for invalid ID" time="0.041">
    </testcase>
    <testcase classname="Static Routes API Endpoints › Appointment Types" name="GET /api/v1/static/appointment-types should return all appointment types" time="0.012">
    </testcase>
    <testcase classname="Static Routes API Endpoints › Appointment Types" name="GET /api/v1/static/appointment-types/:id should return a specific appointment type for all valid IDs" time="0.038">
    </testcase>
    <testcase classname="Static Routes API Endpoints › Appointment Types" name="GET /api/v1/static/appointment-types/:id should return 404 for invalid ID" time="0.019">
    </testcase>
    <testcase classname="Static Routes API Endpoints › BTW Percentages" name="GET /api/v1/static/btw-percentages should return all BTW percentages" time="0.013">
    </testcase>
    <testcase classname="Static Routes API Endpoints › BTW Percentages" name="GET /api/v1/static/btw-percentages/:id should return a specific BTW percentage for all valid IDs" time="0.023">
    </testcase>
    <testcase classname="Static Routes API Endpoints › BTW Percentages" name="GET /api/v1/static/btw-percentages/:id should return 404 for invalid ID" time="0.022">
    </testcase>
    <testcase classname="Static Routes API Endpoints › Custom Colors" name="GET /api/v1/static/custom-colors should return all custom colors" time="0.012">
    </testcase>
    <testcase classname="Static Routes API Endpoints › Custom Colors" name="GET /api/v1/static/custom-colors/:color should return a specific custom color for all valid colors" time="0.068">
    </testcase>
    <testcase classname="Static Routes API Endpoints › Custom Colors" name="GET /api/v1/static/custom-colors/:color should return 404 for invalid color" time="0.018">
    </testcase>
    <testcase classname="Static Routes API Endpoints › Dog Sizes" name="GET /api/v1/static/dog-sizes should return all dog sizes" time="0.011">
    </testcase>
    <testcase classname="Static Routes API Endpoints › Dog Sizes" name="GET /api/v1/static/dog-sizes/:id should return a specific dog size for all valid IDs" time="0.045">
    </testcase>
    <testcase classname="Static Routes API Endpoints › Dog Sizes" name="GET /api/v1/static/dog-sizes/:id should return 404 for invalid ID" time="0.018">
    </testcase>
    <testcase classname="Static Routes API Endpoints › Hour Types" name="GET /api/v1/static/hour-types should return all hour types" time="0.012">
    </testcase>
    <testcase classname="Static Routes API Endpoints › Hour Types" name="GET /api/v1/static/hour-types/:id should return a specific hour type for all valid IDs" time="0.105">
    </testcase>
    <testcase classname="Static Routes API Endpoints › Hour Types" name="GET /api/v1/static/hour-types/:id should return 404 for invalid ID" time="0.017">
    </testcase>
    <testcase classname="Static Routes API Endpoints › Import/Export Types" name="GET /api/v1/static/import-export-types should return all import/export types" time="0.013">
    </testcase>
    <testcase classname="Static Routes API Endpoints › Import/Export Types" name="GET /api/v1/static/import-export-types/:id should return a specific import/export type for all valid IDs" time="0.045">
    </testcase>
    <testcase classname="Static Routes API Endpoints › Import/Export Types" name="GET /api/v1/static/import-export-types/:id should return 404 for invalid ID" time="0.02">
    </testcase>
    <testcase classname="Static Routes API Endpoints › Payment Types" name="GET /api/v1/static/payment-types should return all payment types" time="0.013">
    </testcase>
    <testcase classname="Static Routes API Endpoints › Payment Types" name="GET /api/v1/static/payment-types/:id should return a specific payment type for all valid IDs" time="0.025">
    </testcase>
    <testcase classname="Static Routes API Endpoints › Payment Types" name="GET /api/v1/static/payment-types/:id should return 404 for invalid ID" time="0.019">
    </testcase>
    <testcase classname="Static Routes API Endpoints › Travel Time Types" name="GET /api/v1/static/travel-time-types should return all travel time types" time="0.011">
    </testcase>
    <testcase classname="Static Routes API Endpoints › Travel Time Types" name="GET /api/v1/static/travel-time-types/:id should return a specific travel time type for all valid IDs" time="0.023">
    </testcase>
    <testcase classname="Static Routes API Endpoints › Travel Time Types" name="GET /api/v1/static/travel-time-types/:id should return 404 for invalid ID" time="0.018">
    </testcase>
    <testcase classname="Static Routes API Endpoints › Dog Breeds" name="GET /api/v1/static/dog-breeds should return all dog breeds" time="0.011">
    </testcase>
    <testcase classname="Static Routes API Endpoints › Dog Breeds" name="GET /api/v1/static/dog-breeds/:id should return a specific dog breed for all valid IDs" time="0.174">
    </testcase>
    <testcase classname="Static Routes API Endpoints › Dog Breeds" name="GET /api/v1/static/dog-breeds/:id should return 404 for invalid ID" time="0.018">
    </testcase>
    <testcase classname="Static Routes API Endpoints › Services" name="GET /api/v1/static/services should return all services" time="0.013">
    </testcase>
    <testcase classname="Static Routes API Endpoints › Services" name="GET /api/v1/static/services/:id should return a specific service for all valid IDs" time="0.036">
    </testcase>
    <testcase classname="Static Routes API Endpoints › Services" name="GET /api/v1/static/services/:id should return 404 for invalid ID" time="0.018">
    </testcase>
    <testcase classname="Static Routes API Endpoints › Comprehensive Static Data Verification" name="should verify all static data counts match between data.ts and database" time="0.119">
    </testcase>
  </testsuite>
  <testsuite name="API Endpoints" errors="0" failures="0" skipped="0" timestamp="2025-03-14T08:59:44" time="2.073" tests="18">
    <testcase classname="API Endpoints › Customer and Dog Data" name="POST /api/v1/customers should insert customers" time="0.108">
    </testcase>
    <testcase classname="API Endpoints › Customer and Dog Data" name="POST /api/v1/dogs should insert dogs and connect them to customers" time="0.134">
    </testcase>
    <testcase classname="API Endpoints › Appointment Data" name="POST /api/v1/appointments should insert appointments" time="0.057">
    </testcase>
    <testcase classname="API Endpoints › Appointment Data" name="GET /api/v1/appointments should return all appointments" time="0.011">
    </testcase>
    <testcase classname="API Endpoints › Appointment Data" name="GET /api/v1/appointments/status/:statusId should return appointments by status" time="0.013">
    </testcase>
    <testcase classname="API Endpoints › GET /api/v1/health" name="GET /api/v1/health should return 200 OK" time="0.008">
    </testcase>
    <testcase classname="API Endpoints › Dropdown Endpoints" name="GET /api/v1/dropdowns/dogbreeds should return dog breeds" time="0.012">
    </testcase>
    <testcase classname="API Endpoints › Dropdown Endpoints" name="GET /api/v1/dropdowns/customers should return customers with dogs" time="0.014">
    </testcase>
    <testcase classname="API Endpoints › Dropdown Endpoints" name="GET /api/v1/dropdowns/paymenttypes should return payment types" time="0.01">
    </testcase>
    <testcase classname="API Endpoints › Dropdown Endpoints" name="GET /api/v1/dropdowns/btwpercentages should return BTW percentages" time="0.011">
    </testcase>
    <testcase classname="API Endpoints › Dropdown Endpoints" name="GET /api/v1/dropdowns/hourtypes should return hour types" time="0.013">
    </testcase>
    <testcase classname="API Endpoints › Customer Endpoints" name="GET /api/v1/customers/table should return customer table data" time="0.011">
    </testcase>
    <testcase classname="API Endpoints › Customer Endpoints" name="GET /api/v1/customers/table?search=test should handle customer search" time="0.012">
    </testcase>
    <testcase classname="API Endpoints › Dog Endpoints" name="GET /api/v1/dogs/table should return dog table data" time="0.014">
    </testcase>
    <testcase classname="API Endpoints › Dog Endpoints" name="GET /api/v1/dogs/table?search=test should handle dog search" time="0.013">
    </testcase>
    <testcase classname="API Endpoints › API Documentation" name="GET /api-docs/ should serve Swagger UI" time="0.016">
    </testcase>
    <testcase classname="API Endpoints › API Documentation" name="GET /api-spec.json should serve OpenAPI spec" time="0.021">
    </testcase>
    <testcase classname="API Endpoints › API Documentation" name="GET /api-docs/custom-swagger.js should serve custom Swagger JS" time="0.009">
    </testcase>
  </testsuite>
</testsuites>