<?xml version="1.0" encoding="UTF-8"?>
<testsuites name="jest tests" tests="24" failures="0" errors="0" time="8.366">
  <testsuite name="API Endpoints" errors="0" failures="0" skipped="0" timestamp="2025-03-13T14:36:28" time="8.263" tests="24">
    <testcase classname="API Endpoints › Customer and Dog Data" name="POST /api/v1/customers should insert customers" time="0.266">
    </testcase>
    <testcase classname="API Endpoints › Customer and Dog Data" name="POST /api/v1/dogs should insert dogs and connect them to customers" time="0.401">
    </testcase>
    <testcase classname="API Endpoints › Dog Breed Data" name="POST /api/v1/dog-breeds should insert dog breeds" time="0.265">
    </testcase>
    <testcase classname="API Endpoints › Dog Breed Data" name="GET /api/v1/dog-breeds should return all dog breeds" time="0.018">
    </testcase>
    <testcase classname="API Endpoints › Service Data" name="POST /api/v1/services should insert services" time="0.11">
    </testcase>
    <testcase classname="API Endpoints › Service Data" name="GET /api/v1/services should return all services" time="0.019">
    </testcase>
    <testcase classname="API Endpoints › Appointment Data" name="POST /api/v1/appointments should insert appointments" time="0.134">
    </testcase>
    <testcase classname="API Endpoints › Appointment Data" name="GET /api/v1/appointments should return all appointments" time="0.018">
    </testcase>
    <testcase classname="API Endpoints › Appointment Data" name="GET /api/v1/appointments/status/:statusId should return appointments by status" time="0.02">
    </testcase>
    <testcase classname="API Endpoints › Dog Picture Data" name="POST /api/v1/dog-pictures should insert dog pictures" time="0.088">
    </testcase>
    <testcase classname="API Endpoints › Dog Picture Data" name="GET /api/v1/dog-pictures should return all dog pictures" time="0.026">
    </testcase>
    <testcase classname="API Endpoints › GET /api/v1/health" name="GET /api/v1/health should return 200 OK" time="0.013">
    </testcase>
    <testcase classname="API Endpoints › Dropdown Endpoints" name="GET /api/v1/dropdowns/dogbreeds should return dog breeds" time="0.015">
    </testcase>
    <testcase classname="API Endpoints › Dropdown Endpoints" name="GET /api/v1/dropdowns/customers should return customers with dogs" time="0.017">
    </testcase>
    <testcase classname="API Endpoints › Dropdown Endpoints" name="GET /api/v1/dropdowns/paymenttypes should return payment types" time="0.02">
    </testcase>
    <testcase classname="API Endpoints › Dropdown Endpoints" name="GET /api/v1/dropdowns/btwpercentages should return BTW percentages" time="0.017">
    </testcase>
    <testcase classname="API Endpoints › Dropdown Endpoints" name="GET /api/v1/dropdowns/hourtypes should return hour types" time="0.019">
    </testcase>
    <testcase classname="API Endpoints › Customer Endpoints" name="GET /api/v1/customers/table should return customer table data" time="0.039">
    </testcase>
    <testcase classname="API Endpoints › Customer Endpoints" name="GET /api/v1/customers/table?search=test should handle customer search" time="0.039">
    </testcase>
    <testcase classname="API Endpoints › Dog Endpoints" name="GET /api/v1/dogs/table should return dog table data" time="0.044">
    </testcase>
    <testcase classname="API Endpoints › Dog Endpoints" name="GET /api/v1/dogs/table?search=test should handle dog search" time="0.044">
    </testcase>
    <testcase classname="API Endpoints › API Documentation" name="GET /api-docs/ should serve Swagger UI" time="0.022">
    </testcase>
    <testcase classname="API Endpoints › API Documentation" name="GET /api-spec.json should serve OpenAPI spec" time="0.027">
    </testcase>
    <testcase classname="API Endpoints › API Documentation" name="GET /api-docs/custom-swagger.js should serve custom Swagger JS" time="0.013">
    </testcase>
  </testsuite>
</testsuites>